<html>
<body>
<pre>
<h1>µVision Build Log</h1>
<h2>Project:</h2>
D:\MyPROG\LSD_SLAM\STM\BMO055SensorTest\Projects\MDK-ARM\BMO055SensorTest.uvproj
Project File Date:  06/06/2015

<h2>Output:</h2>
Build target 'BMO055SensorTest Configuration'
compiling tim.c...
linking...
Program Size: Code=19088 RO-data=440 RW-data=400 ZI-data=4472  
"BMO055SensorTest Configuration\BMO055SensorTest Configuration.axf" - 0 Error(s), 0 Warning(s).
Load "BMO055SensorTest Configuration\\BMO055SensorTest Configuration.axf" 
Erase Done.
Programming Done.
Verify OK.

not created
elled
Load "BMO055SensorTest Configuration\\BMO055SensorTest Configuration.axf" 
Erase Done.
Programming Done.
Verify OK.
), 2 Warning(s).
entifier "DCMI_MODE_CONTINUOUS" is undefined
        dcmiStatus = HAL_DCMI_Start_DMA ( &hdcmi, DCMI_MODE_CONTINUOUS, (uint32_t)imageBuffer, (1280) );
..\..\Src\main.c(247): warning:  #188-D: enumerated type mixed with another type
        dcmiStatus = HAL_DCMI_Start_DMA ( &hdcmi, DCMI_MODE_CONTINUOUS, (uint32_t)imageBuffer, (1280) );
..\..\Src\main.c(359): warning:  #177-D: variable "test" was declared but never referenced
        uint8_t test = 1;
..\..\Src\main.c(365): warning:  #177-D: variable "test" was declared but never referenced
        uint8_t test = 1;
..\..\Src\main.c: 4 warnings, 2 errors
"BMO055SensorTest Configuration\BMO055SensorTest Configuration.axf" - 2 Error(s), 4 Warning(s).
Target not created
376): warning:  #223-D: function "HAL_DCMI_GetError" declared implicitly
        dcmiError = HAL_DCMI_GetError ( hdcmi );
..\..\Src\main.c(387): error:  #20: identifier "DCMI_HandleTypeDef" is undefined
  void HAL_DCMI_LineEventCallback(DCMI_HandleTypeDef *hdcmi)
..\..\Src\main.c(399): error:  #20: identifier "DCMI_HandleTypeDef" is undefined
  void HAL_DCMI_VsyncEventCallback(DCMI_HandleTypeDef *hdcmi)
..\..\Src\main.c(410): error:  #20: identifier "DCMI_HandleTypeDef" is undefined
  void HAL_DCMI_FrameEventCallback(DCMI_HandleTypeDef *hdcmi)
..\..\Src\main.c(413): warning:  #177-D: variable "test" was declared but never referenced
        uint8_t test;
..\..\Src\main.c: 6 warnings, 6 errors
compiling stm32f4xx_it.c...
compiling tim.c...
compiling usb_device.c...
compiling usbd_cdc_if.c...
compiling usbd_conf.c...
compiling usbd_desc.c...
compiling crc.c...
compiling dma.c...
compiling system_stm32f4xx.c...
compiling stm32f4xx_hal.c...
compiling stm32f4xx_hal_cortex.c...
compiling stm32f4xx_hal_dma.c...
compiling stm32f4xx_hal_dma_ex.c...
compiling stm32f4xx_hal_flash.c...
compiling stm32f4xx_hal_flash_ex.c...
compiling stm32f4xx_hal_flash_ramfunc.c...
compiling stm32f4xx_hal_gpio.c...
compiling stm32f4xx_hal_i2c.c...
compiling stm32f4xx_hal_i2c_ex.c...
compiling stm32f4xx_hal_pcd.c...
compiling stm32f4xx_hal_pcd_ex.c...
compiling stm32f4xx_hal_pwr.c...
compiling stm32f4xx_hal_pwr_ex.c...
compiling stm32f4xx_hal_rcc.c...
compiling stm32f4xx_hal_rcc_ex.c...
compiling stm32f4xx_hal_tim.c...
compiling stm32f4xx_hal_tim_ex.c...
compiling stm32f4xx_ll_usb.c...
compiling stm32f4xx_hal_crc.c...
compiling usbd_cdc.c...
compiling usbd_core.c...
compiling usbd_ctlreq.c...
compiling usbd_ioreq.c...
assembling startup_stm32f407xx.s...
"BMO055SensorTest Configuration\BMO055SensorTest Configuration.axf" - 6 Error(s), 6 Warning(s).
Target not created
